<?xml version="1.0" encoding="UTF-8"?>
<testsuite xmlns:xsi="http://www.w3.org/2001/XMLSchema-instance" xsi:noNamespaceSchemaLocation="https://maven.apache.org/surefire/maven-surefire-plugin/xsd/surefire-test-report-3.0.xsd" version="3.0" name="com.campus.campussecondhandapi.CampusSecondhandApiApplicationTests" time="7.062" tests="1" errors="0" skipped="0" failures="0">
  <properties>
[...]
</properties>
  <testcase name="contextLoads" classname="com.campus.campussecondhandapi.CampusSecondhandApiApplicationTests" time="0.934">
    <system-out><![CDATA[19:59:40.786 [main] DEBUG org.springframework.boot.test.context.SpringBootTestContextBootstrapper - Neither @ContextConfiguration nor @ContextHierarchy found for test class [CampusSecondhandApiApplicationTests]: using SpringBootContextLoader
19:59:40.791 [main] DEBUG org.springframework.test.context.support.AbstractContextLoader - Could not detect default resource locations for test class [com.campus.campussecondhandapi.CampusSecondhandApiApplicationTests]: no resource found for suffixes {-context.xml, Context.groovy}.
19:59:40.792 [main] INFO org.springframework.test.context.support.AnnotationConfigContextLoaderUtils - Could not detect default configuration classes for test class [com.campus.campussecondhandapi.CampusSecondhandApiApplicationTests]: CampusSecondhandApiApplicationTests does not declare any static, non-private, non-final, nested classes annotated with @Configuration.
19:59:40.839 [main] DEBUG org.springframework.boot.test.context.SpringBootTestContextBootstrapper - Using ContextCustomizers for test class [CampusSecondhandApiApplicationTests]: [ExcludeFilterContextCustomizer, DuplicateJsonObjectContextCustomizer, MockitoContextCustomizer, TestRestTemplateContextCustomizer, DisableObservabilityContextCustomizer, PropertyMappingContextCustomizer, Customizer]
19:59:40.939 [main] DEBUG org.springframework.context.annotation.ClassPathScanningCandidateComponentProvider - Identified candidate component class: file [D:\class\移动应用开发\campus-secondhand-api\target\classes\com\campus\campussecondhandapi\CampusSecondhandApiApplication.class]
19:59:40.942 [main] INFO org.springframework.boot.test.context.SpringBootTestContextBootstrapper - Found @SpringBootConfiguration com.campus.campussecondhandapi.CampusSecondhandApiApplication for test class com.campus.campussecondhandapi.CampusSecondhandApiApplicationTests
19:59:41.104 [main] DEBUG org.springframework.boot.test.context.SpringBootTestContextBootstrapper - Using TestExecutionListeners for test class [CampusSecondhandApiApplicationTests]: [ServletTestExecutionListener, DirtiesContextBeforeModesTestExecutionListener, ApplicationEventsTestExecutionListener, MockitoTestExecutionListener, DependencyInjectionTestExecutionListener, DirtiesContextTestExecutionListener, TransactionalTestExecutionListener, SqlScriptsTestExecutionListener, EventPublishingTestExecutionListener, ResetMocksTestExecutionListener, RestDocsTestExecutionListener, MockRestServiceServerResetTestExecutionListener, MockMvcPrintOnlyOnFailureTestExecutionListener, WebDriverTestExecutionListener, MockWebServiceServerTestExecutionListener]
19:59:41.107 [main] DEBUG org.springframework.test.context.support.AbstractDirtiesContextTestExecutionListener - Before test class: class [CampusSecondhandApiApplicationTests], class annotated with @DirtiesContext [false] with mode [null]

  .   ____          _            __ _ _
 /\\ / ___'_ __ _ _(_)_ __  __ _ \ \ \ \
( ( )\___ | '_ | '_| | '_ \/ _` | \ \ \ \
 \\/  ___)| |_)| | | | | || (_| |  ) ) ) )
  '  |____| .__|_| |_|_| |_\__, | / / / /
 =========|_|==============|___/=/_/_/_/
 :: Spring Boot ::                (v3.0.2)

2026-06-11T19:59:41.653+08:00  INFO 28788 --- [           main] .c.c.CampusSecondhandApiApplicationTests : Starting CampusSecondhandApiApplicationTests using Java 17.0.12 with PID 28788 (started by 21610 in D:\class\移动应用开发\campus-secondhand-api)
2026-06-11T19:59:41.656+08:00  INFO 28788 --- [           main] .c.c.CampusSecondhandApiApplicationTests : No active profile set, falling back to 1 default profile: "default"
Logging initialized using 'class org.apache.ibatis.logging.stdout.StdOutImpl' adapter.
2026-06-11T19:59:44.738+08:00  WARN 28788 --- [           main] .s.s.UserDetailsServiceAutoConfiguration : 

Using generated security password: 9225d83c-fbc4-4eb5-adfd-5fe25c527f98

This generated password is for development use only. Your security configuration must be updated before running your application in production.

2026-06-11T19:59:45.241+08:00  INFO 28788 --- [           main] o.s.s.web.DefaultSecurityFilterChain     : Will secure any request with [org.springframework.security.web.session.DisableEncodeUrlFilter@42679fc2, org.springframework.security.web.context.request.async.WebAsyncManagerIntegrationFilter@5e50df2e, org.springframework.security.web.context.SecurityContextHolderFilter@5fed9976, org.springframework.security.web.header.HeaderWriterFilter@2415e4c7, org.springframework.security.web.authentication.logout.LogoutFilter@1310fcb0, org.springframework.security.web.savedrequest.RequestCacheAwareFilter@4f363abd, org.springframework.security.web.servletapi.SecurityContextHolderAwareRequestFilter@677ce519, org.springframework.security.web.authentication.AnonymousAuthenticationFilter@100aa331, org.springframework.security.web.session.SessionManagementFilter@373afd6c, org.springframework.security.web.access.ExceptionTranslationFilter@7197b07f, org.springframework.security.web.access.intercept.AuthorizationFilter@3375ebd3]
2026-06-11T19:59:46.121+08:00  INFO 28788 --- [           main] o.s.b.a.w.s.WelcomePageHandlerMapping    : Adding welcome page: class path resource [static/index.html]
2026-06-11T19:59:46.642+08:00  INFO 28788 --- [           main] .c.c.CampusSecondhandApiApplicationTests : Started CampusSecondhandApiApplicationTests in 5.459 seconds (process running for 6.857)
]]></system-out>
  </testcase>
</testsuite>